#
# There is insufficient memory for the Java Runtime Environment to continue.
# Native memory allocation (malloc) failed to allocate 43760 bytes for Chunk::new
# Possible reasons:
#   The system is out of physical RAM or swap space
#   The process is running with CompressedOops enabled, and the Java Heap may be blocking the growth of the native heap
# Possible solutions:
#   Reduce memory load on the system
#   Increase physical memory or swap space
#   Check if swap backing store is full
#   Decrease Java heap size (-Xmx/-Xms)
#   Decrease number of Java threads
#   Decrease Java thread stack sizes (-Xss)
#   Set larger code cache with -XX:ReservedCodeCacheSize=
#   JVM is running with Unscaled Compressed Oops mode in which the Java heap is
#     placed in the first 4GB address space. The Java Heap base address is the
#     maximum limit for the native heap growth. Please use -XX:HeapBaseMinAddress
#     to set the Java Heap base and to place the Java Heap above 4GB virtual address.
# This output file may be truncated or incomplete.
#
#  Out of Memory Error (arena.cpp:191), pid=23244, tid=20892
#
# JRE version: OpenJDK Runtime Environment JBR-17.0.10+8-1207.12-jcef (17.0.10+8) (build 17.0.10+8-b1207.12)
# Java VM: OpenJDK 64-Bit Server VM JBR-17.0.10+8-1207.12-jcef (17.0.10+8-b1207.12, mixed mode, tiered, compressed oops, compressed class ptrs, g1 gc, windows-amd64)
# No core dump will be written. Minidumps are not enabled by default on client versions of Windows
#

---------------  S U M M A R Y ------------

Command Line: -Djava.rmi.server.hostname=127.0.0.1 -Duser.timezone=UTC -Xmx2048m -Xms128m -Djdbc.classpath=C:\Program Files\JetBrains\IntelliJ IDEA 2024.1\plugins\DatabaseTools\lib\jdbc-console.jar;C:\Users\rites\AppData\Roaming\JetBrains\IntelliJIdea2024.1\jdbc-drivers\PostgreSQL\42.6.0\org\postgresql\postgresql\42.6.0\postgresql-42.6.0.jar;C:\Users\rites\AppData\Roaming\JetBrains\IntelliJIdea2024.1\jdbc-drivers\PostgreSQL\42.6.0\org\checkerframework\checker-qual\3.31.0\checker-qual-3.31.0.jar;C:\Users\rites\AppData\Roaming\JetBrains\IntelliJIdea2024.1\jdbc-drivers\PostgreSQL\42.6.0\com\github\waffle\waffle-jna\1.9.1\waffle-jna-1.9.1.jar;C:\Users\rites\AppData\Roaming\JetBrains\IntelliJIdea2024.1\jdbc-drivers\PostgreSQL\42.6.0\net\java\dev\jna\jna\4.5.1\jna-4.5.1.jar;C:\Users\rites\AppData\Roaming\JetBrains\IntelliJIdea2024.1\jdbc-drivers\PostgreSQL\42.6.0\net\java\dev\jna\jna-platform\4.5.1\jna-platform-4.5.1.jar;C:\Users\rites\AppData\Roaming\JetBrains\IntelliJIdea2024.1\jdbc-drivers\PostgreSQL\42.6.0\org\slf4j\jcl-over-slf4j\1.7.25\jcl-over-slf4j-1.7.25.jar;C:\Users\rites\AppData\Roaming\JetBrains\IntelliJIdea2024.1\jdbc-drivers\PostgreSQL\42.6.0\org\slf4j\slf4j-api\1.7.25\slf4j-api-1.7.25.jar;C:\Users\rites\AppData\Roaming\JetBrains\IntelliJIdea2024.1\jdbc-drivers\PostgreSQL\42.6.0\com\github\ben-manes\caffeine\caffeine\2.6.2\caffeine-2.6.2.jar --add-exports=java.desktop/sun.awt=ALL-UNNAMED --add-exports=java.desktop/java.awt.peer=ALL-UNNAMED --add-opens=java.desktop/java.awt=ALL-UNNAMED --add-opens=jdk.unsupported/sun.misc=ALL-UNNAMED --add-opens=java.base/java.nio=ALL-UNNAMED --add-opens=java.base/java.util=ALL-UNNAMED -Dfile.encoding=UTF-8 com.intellij.database.remote.RemoteJdbcServer org.postgresql.Driver

Host: AMD Ryzen 5 5500U with Radeon Graphics         , 12 cores, 5G,  Windows 11 , 64 bit Build 22621 (10.0.22621.3958)
Time: Sun Aug 18 14:50:41 2024 Nepal Standard Time elapsed time: 2357.025937 seconds (0d 0h 39m 17s)

---------------  T H R E A D  ---------------

Current thread (0x000002b74f04dfa0):  JavaThread "C2 CompilerThread0" daemon [_thread_in_native, id=20892, stack(0x000000b875d00000,0x000000b875e00000)]


Current CompileTask:
C2:2357026 2141   !   4       sun.nio.ch.NioSocketImpl::tryRead (87 bytes)

Stack: [0x000000b875d00000,0x000000b875e00000]
Native frames: (J=compiled Java code, j=interpreted, Vv=VM code, C=native code)
V  [jvm.dll+0x687989]
V  [jvm.dll+0x84116a]
V  [jvm.dll+0x842dae]
V  [jvm.dll+0x843413]
V  [jvm.dll+0x249ccf]
V  [jvm.dll+0xac524]
V  [jvm.dll+0xacb6c]
V  [jvm.dll+0x11fff7]
V  [jvm.dll+0x613692]
V  [jvm.dll+0x617abc]
V  [jvm.dll+0x21b6f8]
V  [jvm.dll+0x21aca1]
V  [jvm.dll+0x1a602d]
V  [jvm.dll+0x22ac2e]
V  [jvm.dll+0x228db5]
V  [jvm.dll+0x7f5417]
V  [jvm.dll+0x7ef81a]
V  [jvm.dll+0x686805]
C  [ucrtbase.dll+0x29333]
C  [KERNEL32.DLL+0x1257d]
C  [ntdll.dll+0x5af28]


---------------  P R O C E S S  ---------------

Threads class SMR info:
_java_thread_list=0x000002b7503a90d0, length=21, elements={
0x000002b73058d020, 0x000002b74ab1d020, 0x000002b74ab1dea0, 0x000002b74f0492a0,
0x000002b74f049d70, 0x000002b74f04c840, 0x000002b74f04d200, 0x000002b74f04dfa0,
0x000002b74f04ea50, 0x000002b74f051460, 0x000002b74f1cc580, 0x000002b74f1cca60,
0x000002b74f503760, 0x000002b74f61b020, 0x000002b74f61b500, 0x000002b74f61b9e0,
0x000002b74f657640, 0x000002b74f6b8ee0, 0x000002b74f6b9900, 0x000002b74f6b9e10,
0x000002b74f6ba320
}

Java Threads: ( => current thread )
  0x000002b73058d020 JavaThread "main" [_thread_blocked, id=19500, stack(0x000000b875000000,0x000000b875100000)]
  0x000002b74ab1d020 JavaThread "Reference Handler" daemon [_thread_blocked, id=19832, stack(0x000000b875700000,0x000000b875800000)]
  0x000002b74ab1dea0 JavaThread "Finalizer" daemon [_thread_blocked, id=20420, stack(0x000000b875800000,0x000000b875900000)]
  0x000002b74f0492a0 JavaThread "Signal Dispatcher" daemon [_thread_blocked, id=21540, stack(0x000000b875900000,0x000000b875a00000)]
  0x000002b74f049d70 JavaThread "Attach Listener" daemon [_thread_blocked, id=21752, stack(0x000000b875a00000,0x000000b875b00000)]
  0x000002b74f04c840 JavaThread "Service Thread" daemon [_thread_blocked, id=22072, stack(0x000000b875b00000,0x000000b875c00000)]
  0x000002b74f04d200 JavaThread "Monitor Deflation Thread" daemon [_thread_blocked, id=7988, stack(0x000000b875c00000,0x000000b875d00000)]
=>0x000002b74f04dfa0 JavaThread "C2 CompilerThread0" daemon [_thread_in_native, id=20892, stack(0x000000b875d00000,0x000000b875e00000)]
  0x000002b74f04ea50 JavaThread "C1 CompilerThread0" daemon [_thread_blocked, id=15224, stack(0x000000b875e00000,0x000000b875f00000)]
  0x000002b74f051460 JavaThread "Sweeper thread" daemon [_thread_blocked, id=19632, stack(0x000000b875f00000,0x000000b876000000)]
  0x000002b74f1cc580 JavaThread "Common-Cleaner" daemon [_thread_blocked, id=22728, stack(0x000000b876000000,0x000000b876100000)]
  0x000002b74f1cca60 JavaThread "Notification Thread" daemon [_thread_blocked, id=10708, stack(0x000000b876100000,0x000000b876200000)]
  0x000002b74f503760 JavaThread "RMI TCP Accept-34883" daemon [_thread_in_native, id=304, stack(0x000000b876300000,0x000000b876400000)]
  0x000002b74f61b020 JavaThread "RMI TCP Accept-0" daemon [_thread_in_native, id=8040, stack(0x000000b876400000,0x000000b876500000)]
  0x000002b74f61b500 JavaThread "RMI Reaper" [_thread_blocked, id=19956, stack(0x000000b876500000,0x000000b876600000)]
  0x000002b74f61b9e0 JavaThread "RMI GC Daemon" daemon [_thread_blocked, id=17872, stack(0x000000b876600000,0x000000b876700000)]
  0x000002b74f657640 JavaThread "RMI TCP Connection(2)-127.0.0.1" daemon [_thread_in_native, id=10636, stack(0x000000b876900000,0x000000b876a00000)]
  0x000002b74f6b8ee0 JavaThread "RMI Scheduler(0)" daemon [_thread_blocked, id=11992, stack(0x000000b876a00000,0x000000b876b00000)]
  0x000002b74f6b9900 JavaThread "RMI TCP Connection(3)-127.0.0.1" daemon [_thread_in_native, id=11476, stack(0x000000b876b00000,0x000000b876c00000)]
  0x000002b74f6b9e10 JavaThread "RMI RenewClean-[127.0.0.1:53048]" daemon [_thread_blocked, id=21524, stack(0x000000b876700000,0x000000b876800000)]
  0x000002b74f6ba320 JavaThread "PostgreSQL-JDBC-Cleaner" daemon [_thread_blocked, id=20604, stack(0x000000b876f00000,0x000000b877000000)]

Other Threads:
  0x000002b74f0205c0 VMThread "VM Thread" [stack: 0x000000b875600000,0x000000b875700000] [id=23124]
  0x000002b74f1e5150 WatcherThread [stack: 0x000000b876200000,0x000000b876300000] [id=14396]
  0x000002b7305eb8d0 GCTaskThread "GC Thread#0" [stack: 0x000000b875100000,0x000000b875200000] [id=21004]
  0x000002b74fac6010 GCTaskThread "GC Thread#1" [stack: 0x000000b877000000,0x000000b877100000] [id=19996]
  0x000002b74fb8cf80 GCTaskThread "GC Thread#2" [stack: 0x000000b877100000,0x000000b877200000] [id=4348]
  0x000002b74fb8d860 GCTaskThread "GC Thread#3" [stack: 0x000000b877200000,0x000000b877300000] [id=13028]
  0x000002b74fac0070 GCTaskThread "GC Thread#4" [stack: 0x000000b877300000,0x000000b877400000] [id=8984]
  0x000002b7504ce320 GCTaskThread "GC Thread#5" [stack: 0x000000b877400000,0x000000b877500000] [id=21728]
  0x000002b7504f3d20 GCTaskThread "GC Thread#6" [stack: 0x000000b877500000,0x000000b877600000] [id=13224]
  0x000002b75008fc70 GCTaskThread "GC Thread#7" [stack: 0x000000b877600000,0x000000b877700000] [id=14664]
  0x000002b74fb89cc0 GCTaskThread "GC Thread#8" [stack: 0x000000b877700000,0x000000b877800000] [id=8908]
  0x000002b74fb89f80 GCTaskThread "GC Thread#9" [stack: 0x000000b877800000,0x000000b877900000] [id=8856]
  0x000002b7305fc820 ConcurrentGCThread "G1 Main Marker" [stack: 0x000000b875200000,0x000000b875300000] [id=5468]
  0x000002b7305fd9e0 ConcurrentGCThread "G1 Conc#0" [stack: 0x000000b875300000,0x000000b875400000] [id=14408]
  0x000002b74a970540 ConcurrentGCThread "G1 Refine#0" [stack: 0x000000b875400000,0x000000b875500000] [id=21376]
  0x000002b7504cce60 ConcurrentGCThread "G1 Refine#1" [stack: 0x000000b877900000,0x000000b877a00000] [id=22540]
  0x000002b7504cd150 ConcurrentGCThread "G1 Refine#2" [stack: 0x000000b877a00000,0x000000b877b00000] [id=11804]
  0x000002b7504cd650 ConcurrentGCThread "G1 Refine#3" [stack: 0x000000b877b00000,0x000000b877c00000] [id=11928]
  0x000002b74a970e80 ConcurrentGCThread "G1 Service" [stack: 0x000000b875500000,0x000000b875600000] [id=4888]

Threads with active compile tasks:
C2 CompilerThread0  2357082 2141   !   4       sun.nio.ch.NioSocketImpl::tryRead (87 bytes)

VM state: not at safepoint (normal execution)

VM Mutex/Monitor currently owned by a thread: None

Heap address: 0x0000000080000000, size: 2048 MB, Compressed Oops mode: 32-bit

CDS archive(s) not mapped
Compressed class space mapped at: 0x0000000100000000-0x0000000140000000, reserved size: 1073741824
Narrow klass base: 0x0000000000000000, Narrow klass shift: 3, Narrow klass range: 0x140000000

GC Precious Log:
 CPUs: 12 total, 12 available
 Memory: 6005M
 Large Page Support: Disabled
 NUMA Support: Disabled
 Compressed Oops: Enabled (32-bit)
 Heap Region Size: 1M
 Heap Min Capacity: 128M
 Heap Initial Capacity: 128M
 Heap Max Capacity: 2G
 Pre-touch: Disabled
 Parallel Workers: 10
 Concurrent Workers: 3
 Concurrent Refinement Workers: 10
 Periodic GC: Disabled

Heap:
 garbage-first heap   total 131072K, used 24326K [0x0000000080000000, 0x0000000100000000)
  region size 1024K, 19 young (19456K), 3 survivors (3072K)
 Metaspace       used 19703K, committed 20032K, reserved 1114112K
  class space    used 2008K, committed 2176K, reserved 1048576K

Heap Regions: E=young(eden), S=young(survivor), O=old, HS=humongous(starts), HC=humongous(continues), CS=collection set, F=free, OA=open archive, CA=closed archive, TAMS=top-at-mark-start (previous, next)
|   0|0x0000000080000000, 0x0000000080100000, 0x0000000080100000|100%|HS|  |TAMS 0x0000000080000000, 0x0000000080000000| Complete 
|   1|0x0000000080100000, 0x0000000080200000, 0x0000000080200000|100%|HC|  |TAMS 0x0000000080100000, 0x0000000080100000| Complete 
|   2|0x0000000080200000, 0x0000000080300000, 0x0000000080300000|100%|HC|  |TAMS 0x0000000080200000, 0x0000000080200000| Complete 
|   3|0x0000000080300000, 0x0000000080400000, 0x0000000080400000|100%| O|  |TAMS 0x0000000080300000, 0x0000000080300000| Untracked 
|   4|0x0000000080400000, 0x0000000080500000, 0x0000000080500000|100%| O|  |TAMS 0x0000000080400000, 0x0000000080400000| Untracked 
|   5|0x0000000080500000, 0x00000000805c1a00, 0x0000000080600000| 75%| O|  |TAMS 0x0000000080500000, 0x0000000080500000| Untracked 
|   6|0x0000000080600000, 0x0000000080600000, 0x0000000080700000|  0%| F|  |TAMS 0x0000000080600000, 0x0000000080600000| Untracked 
|   7|0x0000000080700000, 0x0000000080700000, 0x0000000080800000|  0%| F|  |TAMS 0x0000000080700000, 0x0000000080700000| Untracked 
|   8|0x0000000080800000, 0x0000000080800000, 0x0000000080900000|  0%| F|  |TAMS 0x0000000080800000, 0x0000000080800000| Untracked 
|   9|0x0000000080900000, 0x0000000080900000, 0x0000000080a00000|  0%| F|  |TAMS 0x0000000080900000, 0x0000000080900000| Untracked 
|  10|0x0000000080a00000, 0x0000000080a00000, 0x0000000080b00000|  0%| F|  |TAMS 0x0000000080a00000, 0x0000000080a00000| Untracked 
|  11|0x0000000080b00000, 0x0000000080b00000, 0x0000000080c00000|  0%| F|  |TAMS 0x0000000080b00000, 0x0000000080b00000| Untracked 
|  12|0x0000000080c00000, 0x0000000080c00000, 0x0000000080d00000|  0%| F|  |TAMS 0x0000000080c00000, 0x0000000080c00000| Untracked 
|  13|0x0000000080d00000, 0x0000000080d00000, 0x0000000080e00000|  0%| F|  |TAMS 0x0000000080d00000, 0x0000000080d00000| Untracked 
|  14|0x0000000080e00000, 0x0000000080e00000, 0x0000000080f00000|  0%| F|  |TAMS 0x0000000080e00000, 0x0000000080e00000| Untracked 
|  15|0x0000000080f00000, 0x0000000080f00000, 0x0000000081000000|  0%| F|  |TAMS 0x0000000080f00000, 0x0000000080f00000| Untracked 
|  16|0x0000000081000000, 0x0000000081000000, 0x0000000081100000|  0%| F|  |TAMS 0x0000000081000000, 0x0000000081000000| Untracked 
|  17|0x0000000081100000, 0x0000000081100000, 0x0000000081200000|  0%| F|  |TAMS 0x0000000081100000, 0x0000000081100000| Untracked 
|  18|0x0000000081200000, 0x0000000081200000, 0x0000000081300000|  0%| F|  |TAMS 0x0000000081200000, 0x0000000081200000| Untracked 
|  19|0x0000000081300000, 0x0000000081300000, 0x0000000081400000|  0%| F|  |TAMS 0x0000000081300000, 0x0000000081300000| Untracked 
|  20|0x0000000081400000, 0x0000000081400000, 0x0000000081500000|  0%| F|  |TAMS 0x0000000081400000, 0x0000000081400000| Untracked 
|  21|0x0000000081500000, 0x0000000081500000, 0x0000000081600000|  0%| F|  |TAMS 0x0000000081500000, 0x0000000081500000| Untracked 
|  22|0x0000000081600000, 0x0000000081600000, 0x0000000081700000|  0%| F|  |TAMS 0x0000000081600000, 0x0000000081600000| Untracked 
|  23|0x0000000081700000, 0x0000000081700000, 0x0000000081800000|  0%| F|  |TAMS 0x0000000081700000, 0x0000000081700000| Untracked 
|  24|0x0000000081800000, 0x0000000081800000, 0x0000000081900000|  0%| F|  |TAMS 0x0000000081800000, 0x0000000081800000| Untracked 
|  25|0x0000000081900000, 0x0000000081900000, 0x0000000081a00000|  0%| F|  |TAMS 0x0000000081900000, 0x0000000081900000| Untracked 
|  26|0x0000000081a00000, 0x0000000081a00000, 0x0000000081b00000|  0%| F|  |TAMS 0x0000000081a00000, 0x0000000081a00000| Untracked 
|  27|0x0000000081b00000, 0x0000000081b00000, 0x0000000081c00000|  0%| F|  |TAMS 0x0000000081b00000, 0x0000000081b00000| Untracked 
|  28|0x0000000081c00000, 0x0000000081c00000, 0x0000000081d00000|  0%| F|  |TAMS 0x0000000081c00000, 0x0000000081c00000| Untracked 
|  29|0x0000000081d00000, 0x0000000081d00000, 0x0000000081e00000|  0%| F|  |TAMS 0x0000000081d00000, 0x0000000081d00000| Untracked 
|  30|0x0000000081e00000, 0x0000000081e00000, 0x0000000081f00000|  0%| F|  |TAMS 0x0000000081e00000, 0x0000000081e00000| Untracked 
|  31|0x0000000081f00000, 0x0000000081f00000, 0x0000000082000000|  0%| F|  |TAMS 0x0000000081f00000, 0x0000000081f00000| Untracked 
|  32|0x0000000082000000, 0x0000000082000000, 0x0000000082100000|  0%| F|  |TAMS 0x0000000082000000, 0x0000000082000000| Untracked 
|  33|0x0000000082100000, 0x0000000082100000, 0x0000000082200000|  0%| F|  |TAMS 0x0000000082100000, 0x0000000082100000| Untracked 
|  34|0x0000000082200000, 0x0000000082200000, 0x0000000082300000|  0%| F|  |TAMS 0x0000000082200000, 0x0000000082200000| Untracked 
|  35|0x0000000082300000, 0x0000000082300000, 0x0000000082400000|  0%| F|  |TAMS 0x0000000082300000, 0x0000000082300000| Untracked 
|  36|0x0000000082400000, 0x0000000082400000, 0x0000000082500000|  0%| F|  |TAMS 0x0000000082400000, 0x0000000082400000| Untracked 
|  37|0x0000000082500000, 0x0000000082500000, 0x0000000082600000|  0%| F|  |TAMS 0x0000000082500000, 0x0000000082500000| Untracked 
|  38|0x0000000082600000, 0x0000000082600000, 0x0000000082700000|  0%| F|  |TAMS 0x0000000082600000, 0x0000000082600000| Untracked 
|  39|0x0000000082700000, 0x0000000082700000, 0x0000000082800000|  0%| F|  |TAMS 0x0000000082700000, 0x0000000082700000| Untracked 
|  40|0x0000000082800000, 0x0000000082800000, 0x0000000082900000|  0%| F|  |TAMS 0x0000000082800000, 0x0000000082800000| Untracked 
|  41|0x0000000082900000, 0x0000000082900000, 0x0000000082a00000|  0%| F|  |TAMS 0x0000000082900000, 0x0000000082900000| Untracked 
|  42|0x0000000082a00000, 0x0000000082a00000, 0x0000000082b00000|  0%| F|  |TAMS 0x0000000082a00000, 0x0000000082a00000| Untracked 
|  43|0x0000000082b00000, 0x0000000082b00000, 0x0000000082c00000|  0%| F|  |TAMS 0x0000000082b00000, 0x0000000082b00000| Untracked 
|  44|0x0000000082c00000, 0x0000000082c00000, 0x0000000082d00000|  0%| F|  |TAMS 0x0000000082c00000, 0x0000000082c00000| Untracked 
|  45|0x0000000082d00000, 0x0000000082d00000, 0x0000000082e00000|  0%| F|  |TAMS 0x0000000082d00000, 0x0000000082d00000| Untracked 
|  46|0x0000000082e00000, 0x0000000082e00000, 0x0000000082f00000|  0%| F|  |TAMS 0x0000000082e00000, 0x0000000082e00000| Untracked 
|  47|0x0000000082f00000, 0x0000000082f00000, 0x0000000083000000|  0%| F|  |TAMS 0x0000000082f00000, 0x0000000082f00000| Untracked 
|  48|0x0000000083000000, 0x0000000083000000, 0x0000000083100000|  0%| F|  |TAMS 0x0000000083000000, 0x0000000083000000| Untracked 
|  49|0x0000000083100000, 0x0000000083100000, 0x0000000083200000|  0%| F|  |TAMS 0x0000000083100000, 0x0000000083100000| Untracked 
|  50|0x0000000083200000, 0x0000000083200000, 0x0000000083300000|  0%| F|  |TAMS 0x0000000083200000, 0x0000000083200000| Untracked 
|  51|0x0000000083300000, 0x0000000083300000, 0x0000000083400000|  0%| F|  |TAMS 0x0000000083300000, 0x0000000083300000| Untracked 
|  52|0x0000000083400000, 0x0000000083400000, 0x0000000083500000|  0%| F|  |TAMS 0x0000000083400000, 0x0000000083400000| Untracked 
|  53|0x0000000083500000, 0x0000000083500000, 0x0000000083600000|  0%| F|  |TAMS 0x0000000083500000, 0x0000000083500000| Untracked 
|  54|0x0000000083600000, 0x0000000083600000, 0x0000000083700000|  0%| F|  |TAMS 0x0000000083600000, 0x0000000083600000| Untracked 
|  55|0x0000000083700000, 0x0000000083700000, 0x0000000083800000|  0%| F|  |TAMS 0x0000000083700000, 0x0000000083700000| Untracked 
|  56|0x0000000083800000, 0x0000000083800000, 0x0000000083900000|  0%| F|  |TAMS 0x0000000083800000, 0x0000000083800000| Untracked 
|  57|0x0000000083900000, 0x0000000083900000, 0x0000000083a00000|  0%| F|  |TAMS 0x0000000083900000, 0x0000000083900000| Untracked 
|  58|0x0000000083a00000, 0x0000000083a00000, 0x0000000083b00000|  0%| F|  |TAMS 0x0000000083a00000, 0x0000000083a00000| Untracked 
|  59|0x0000000083b00000, 0x0000000083b00000, 0x0000000083c00000|  0%| F|  |TAMS 0x0000000083b00000, 0x0000000083b00000| Untracked 
|  60|0x0000000083c00000, 0x0000000083c00000, 0x0000000083d00000|  0%| F|  |TAMS 0x0000000083c00000, 0x0000000083c00000| Untracked 
|  61|0x0000000083d00000, 0x0000000083d00000, 0x0000000083e00000|  0%| F|  |TAMS 0x0000000083d00000, 0x0000000083d00000| Untracked 
|  62|0x0000000083e00000, 0x0000000083e00000, 0x0000000083f00000|  0%| F|  |TAMS 0x0000000083e00000, 0x0000000083e00000| Untracked 
|  63|0x0000000083f00000, 0x0000000083f00000, 0x0000000084000000|  0%| F|  |TAMS 0x0000000083f00000, 0x0000000083f00000| Untracked 
|  64|0x0000000084000000, 0x0000000084000000, 0x0000000084100000|  0%| F|  |TAMS 0x0000000084000000, 0x0000000084000000| Untracked 
|  65|0x0000000084100000, 0x0000000084100000, 0x0000000084200000|  0%| F|  |TAMS 0x0000000084100000, 0x0000000084100000| Untracked 
|  66|0x0000000084200000, 0x0000000084200000, 0x0000000084300000|  0%| F|  |TAMS 0x0000000084200000, 0x0000000084200000| Untracked 
|  67|0x0000000084300000, 0x0000000084300000, 0x0000000084400000|  0%| F|  |TAMS 0x0000000084300000, 0x0000000084300000| Untracked 
|  68|0x0000000084400000, 0x0000000084400000, 0x0000000084500000|  0%| F|  |TAMS 0x0000000084400000, 0x0000000084400000| Untracked 
|  69|0x0000000084500000, 0x0000000084500000, 0x0000000084600000|  0%| F|  |TAMS 0x0000000084500000, 0x0000000084500000| Untracked 
|  70|0x0000000084600000, 0x0000000084600000, 0x0000000084700000|  0%| F|  |TAMS 0x0000000084600000, 0x0000000084600000| Untracked 
|  71|0x0000000084700000, 0x0000000084700000, 0x0000000084800000|  0%| F|  |TAMS 0x0000000084700000, 0x0000000084700000| Untracked 
|  72|0x0000000084800000, 0x0000000084800000, 0x0000000084900000|  0%| F|  |TAMS 0x0000000084800000, 0x0000000084800000| Untracked 
|  73|0x0000000084900000, 0x0000000084900000, 0x0000000084a00000|  0%| F|  |TAMS 0x0000000084900000, 0x0000000084900000| Untracked 
|  74|0x0000000084a00000, 0x0000000084a00000, 0x0000000084b00000|  0%| F|  |TAMS 0x0000000084a00000, 0x0000000084a00000| Untracked 
|  75|0x0000000084b00000, 0x0000000084b00000, 0x0000000084c00000|  0%| F|  |TAMS 0x0000000084b00000, 0x0000000084b00000| Untracked 
|  76|0x0000000084c00000, 0x0000000084c00000, 0x0000000084d00000|  0%| F|  |TAMS 0x0000000084c00000, 0x0000000084c00000| Untracked 
|  77|0x0000000084d00000, 0x0000000084d00000, 0x0000000084e00000|  0%| F|  |TAMS 0x0000000084d00000, 0x0000000084d00000| Untracked 
|  78|0x0000000084e00000, 0x0000000084e00000, 0x0000000084f00000|  0%| F|  |TAMS 0x0000000084e00000, 0x0000000084e00000| Untracked 
|  79|0x0000000084f00000, 0x0000000084f00000, 0x0000000085000000|  0%| F|  |TAMS 0x0000000084f00000, 0x0000000084f00000| Untracked 
|  80|0x0000000085000000, 0x0000000085000000, 0x0000000085100000|  0%| F|  |TAMS 0x0000000085000000, 0x0000000085000000| Untracked 
|  81|0x0000000085100000, 0x0000000085100000, 0x0000000085200000|  0%| F|  |TAMS 0x0000000085100000, 0x0000000085100000| Untracked 
|  82|0x0000000085200000, 0x0000000085200000, 0x0000000085300000|  0%| F|  |TAMS 0x0000000085200000, 0x0000000085200000| Untracked 
|  83|0x0000000085300000, 0x0000000085300000, 0x0000000085400000|  0%| F|  |TAMS 0x0000000085300000, 0x0000000085300000| Untracked 
|  84|0x0000000085400000, 0x0000000085400000, 0x0000000085500000|  0%| F|  |TAMS 0x0000000085400000, 0x0000000085400000| Untracked 
|  85|0x0000000085500000, 0x0000000085500000, 0x0000000085600000|  0%| F|  |TAMS 0x0000000085500000, 0x0000000085500000| Untracked 
|  86|0x0000000085600000, 0x0000000085600000, 0x0000000085700000|  0%| F|  |TAMS 0x0000000085600000, 0x0000000085600000| Untracked 
|  87|0x0000000085700000, 0x0000000085700000, 0x0000000085800000|  0%| F|  |TAMS 0x0000000085700000, 0x0000000085700000| Untracked 
|  88|0x0000000085800000, 0x0000000085800000, 0x0000000085900000|  0%| F|  |TAMS 0x0000000085800000, 0x0000000085800000| Untracked 
|  89|0x0000000085900000, 0x0000000085900000, 0x0000000085a00000|  0%| F|  |TAMS 0x0000000085900000, 0x0000000085900000| Untracked 
|  90|0x0000000085a00000, 0x0000000085a00000, 0x0000000085b00000|  0%| F|  |TAMS 0x0000000085a00000, 0x0000000085a00000| Untracked 
|  91|0x0000000085b00000, 0x0000000085b00000, 0x0000000085c00000|  0%| F|  |TAMS 0x0000000085b00000, 0x0000000085b00000| Untracked 
|  92|0x0000000085c00000, 0x0000000085c00000, 0x0000000085d00000|  0%| F|  |TAMS 0x0000000085c00000, 0x0000000085c00000| Untracked 
|  93|0x0000000085d00000, 0x0000000085d00000, 0x0000000085e00000|  0%| F|  |TAMS 0x0000000085d00000, 0x0000000085d00000| Untracked 
|  94|0x0000000085e00000, 0x0000000085e00000, 0x0000000085f00000|  0%| F|  |TAMS 0x0000000085e00000, 0x0000000085e00000| Untracked 
|  95|0x0000000085f00000, 0x0000000085f00000, 0x0000000086000000|  0%| F|  |TAMS 0x0000000085f00000, 0x0000000085f00000| Untracked 
|  96|0x0000000086000000, 0x0000000086000000, 0x0000000086100000|  0%| F|  |TAMS 0x0000000086000000, 0x0000000086000000| Untracked 
|  97|0x0000000086100000, 0x0000000086100000, 0x0000000086200000|  0%| F|  |TAMS 0x0000000086100000, 0x0000000086100000| Untracked 
|  98|0x0000000086200000, 0x0000000086200000, 0x0000000086300000|  0%| F|  |TAMS 0x0000000086200000, 0x0000000086200000| Untracked 
|  99|0x0000000086300000, 0x0000000086300000, 0x0000000086400000|  0%| F|  |TAMS 0x0000000086300000, 0x0000000086300000| Untracked 
| 100|0x0000000086400000, 0x0000000086400000, 0x0000000086500000|  0%| F|  |TAMS 0x0000000086400000, 0x0000000086400000| Untracked 
| 101|0x0000000086500000, 0x0000000086500000, 0x0000000086600000|  0%| F|  |TAMS 0x0000000086500000, 0x0000000086500000| Untracked 
| 102|0x0000000086600000, 0x0000000086700000, 0x0000000086700000|100%| S|CS|TAMS 0x0000000086600000, 0x0000000086600000| Complete 
| 103|0x0000000086700000, 0x0000000086800000, 0x0000000086800000|100%| S|CS|TAMS 0x0000000086700000, 0x0000000086700000| Complete 
| 104|0x0000000086800000, 0x0000000086900000, 0x0000000086900000|100%| S|CS|TAMS 0x0000000086800000, 0x0000000086800000| Complete 
| 105|0x0000000086900000, 0x0000000086900000, 0x0000000086a00000|  0%| F|  |TAMS 0x0000000086900000, 0x0000000086900000| Untracked 
| 106|0x0000000086a00000, 0x0000000086a00000, 0x0000000086b00000|  0%| F|  |TAMS 0x0000000086a00000, 0x0000000086a00000| Untracked 
| 107|0x0000000086b00000, 0x0000000086b00000, 0x0000000086c00000|  0%| F|  |TAMS 0x0000000086b00000, 0x0000000086b00000| Untracked 
| 108|0x0000000086c00000, 0x0000000086c00000, 0x0000000086d00000|  0%| F|  |TAMS 0x0000000086c00000, 0x0000000086c00000| Untracked 
| 109|0x0000000086d00000, 0x0000000086d00000, 0x0000000086e00000|  0%| F|  |TAMS 0x0000000086d00000, 0x0000000086d00000| Untracked 
| 110|0x0000000086e00000, 0x0000000086e00000, 0x0000000086f00000|  0%| F|  |TAMS 0x0000000086e00000, 0x0000000086e00000| Untracked 
| 111|0x0000000086f00000, 0x0000000086f00000, 0x0000000087000000|  0%| F|  |TAMS 0x0000000086f00000, 0x0000000086f00000| Untracked 
| 112|0x0000000087000000, 0x00000000870b8b68, 0x0000000087100000| 72%| E|  |TAMS 0x0000000087000000, 0x0000000087000000| Complete 
| 113|0x0000000087100000, 0x0000000087200000, 0x0000000087200000|100%| E|CS|TAMS 0x0000000087100000, 0x0000000087100000| Complete 
| 114|0x0000000087200000, 0x0000000087300000, 0x0000000087300000|100%| E|CS|TAMS 0x0000000087200000, 0x0000000087200000| Complete 
| 115|0x0000000087300000, 0x0000000087400000, 0x0000000087400000|100%| E|CS|TAMS 0x0000000087300000, 0x0000000087300000| Complete 
| 116|0x0000000087400000, 0x0000000087500000, 0x0000000087500000|100%| E|CS|TAMS 0x0000000087400000, 0x0000000087400000| Complete 
| 117|0x0000000087500000, 0x0000000087600000, 0x0000000087600000|100%| E|CS|TAMS 0x0000000087500000, 0x0000000087500000| Complete 
| 118|0x0000000087600000, 0x0000000087700000, 0x0000000087700000|100%| E|CS|TAMS 0x0000000087600000, 0x0000000087600000| Complete 
| 119|0x0000000087700000, 0x0000000087800000, 0x0000000087800000|100%| E|CS|TAMS 0x0000000087700000, 0x0000000087700000| Complete 
| 120|0x0000000087800000, 0x0000000087900000, 0x0000000087900000|100%| E|CS|TAMS 0x0000000087800000, 0x0000000087800000| Complete 
| 121|0x0000000087900000, 0x0000000087a00000, 0x0000000087a00000|100%| E|CS|TAMS 0x0000000087900000, 0x0000000087900000| Complete 
| 122|0x0000000087a00000, 0x0000000087b00000, 0x0000000087b00000|100%| E|CS|TAMS 0x0000000087a00000, 0x0000000087a00000| Complete 
| 123|0x0000000087b00000, 0x0000000087c00000, 0x0000000087c00000|100%| E|CS|TAMS 0x0000000087b00000, 0x0000000087b00000| Complete 
| 124|0x0000000087c00000, 0x0000000087d00000, 0x0000000087d00000|100%| E|CS|TAMS 0x0000000087c00000, 0x0000000087c00000| Complete 
| 125|0x0000000087d00000, 0x0000000087e00000, 0x0000000087e00000|100%| E|CS|TAMS 0x0000000087d00000, 0x0000000087d00000| Complete 
| 126|0x0000000087e00000, 0x0000000087f00000, 0x0000000087f00000|100%| E|CS|TAMS 0x0000000087e00000, 0x0000000087e00000| Complete 
| 127|0x0000000087f00000, 0x0000000088000000, 0x0000000088000000|100%| E|CS|TAMS 0x0000000087f00000, 0x0000000087f00000| Complete 

Card table byte_map: [0x000002b743670000,0x000002b743a70000] _byte_map_base: 0x000002b743270000

Marking Bits (Prev, Next): (CMBitMap*) 0x000002b7305ebef0, (CMBitMap*) 0x000002b7305ebf30
 Prev Bits: [0x000002b743e70000, 0x000002b745e70000)
 Next Bits: [0x000002b745e70000, 0x000002b747e70000)

Polling page: 0x000002b72e500000

Metaspace:

Usage:
  Non-class:     17.28 MB used.
      Class:      1.96 MB used.
       Both:     19.24 MB used.

Virtual space:
  Non-class space:       64.00 MB reserved,      17.44 MB ( 27%) committed,  1 nodes.
      Class space:        1.00 GB reserved,       2.12 MB ( <1%) committed,  1 nodes.
             Both:        1.06 GB reserved,      19.56 MB (  2%) committed. 

Chunk freelists:
   Non-Class:  14.19 MB
       Class:  13.90 MB
        Both:  28.09 MB

MaxMetaspaceSize: unlimited
CompressedClassSpaceSize: 1.00 GB
Initial GC threshold: 21.00 MB
Current GC threshold: 21.00 MB
CDS: off
MetaspaceReclaimPolicy: balanced
 - commit_granule_bytes: 65536.
 - commit_granule_words: 8192.
 - virtual_space_node_default_size: 8388608.
 - enlarge_chunks_in_place: 1.
 - new_chunks_are_fully_committed: 0.
 - uncommit_free_chunks: 1.
 - use_allocation_guard: 0.
 - handle_deallocations: 1.


Internal statistics:

num_allocs_failed_limit: 0.
num_arena_births: 344.
num_arena_deaths: 0.
num_vsnodes_births: 2.
num_vsnodes_deaths: 0.
num_space_committed: 313.
num_space_uncommitted: 0.
num_chunks_returned_to_freelist: 0.
num_chunks_taken_from_freelist: 704.
num_chunk_merges: 0.
num_chunk_splits: 399.
num_chunks_enlarged: 164.
num_inconsistent_stats: 0.

CodeHeap 'non-profiled nmethods': size=120000Kb used=900Kb max_used=900Kb free=119099Kb
 bounds [0x000002b73b7d0000, 0x000002b73ba40000, 0x000002b742d00000]
CodeHeap 'profiled nmethods': size=120000Kb used=4219Kb max_used=4219Kb free=115780Kb
 bounds [0x000002b733d00000, 0x000002b734120000, 0x000002b73b230000]
CodeHeap 'non-nmethods': size=5760Kb used=1204Kb max_used=1261Kb free=4555Kb
 bounds [0x000002b73b230000, 0x000002b73b4a0000, 0x000002b73b7d0000]
 total_blobs=2647 nmethods=2138 adapters=422
 compilation: enabled
              stopped_count=0, restarted_count=0
 full_count=0

Compilation events (20 events):
Event: 2116.304 Thread 0x000002b74f04ea50 nmethod 2129 0x000002b734113710 code [0x000002b734113920, 0x000002b734114068]
Event: 2120.026 Thread 0x000002b74f04ea50 2130       3       jdk.internal.misc.Unsafe::putIntOpaque (9 bytes)
Event: 2120.026 Thread 0x000002b74f04ea50 nmethod 2130 0x000002b734114310 code [0x000002b7341144a0, 0x000002b7341145b8]
Event: 2129.029 Thread 0x000002b74f04ea50 2132       3       java.util.concurrent.locks.AbstractQueuedSynchronizer$Node::getAndUnsetStatus (14 bytes)
Event: 2129.033 Thread 0x000002b74f04ea50 nmethod 2132 0x000002b734114690 code [0x000002b734114840, 0x000002b734114b28]
Event: 2209.713 Thread 0x000002b74f04ea50 2133   !   3       sun.rmi.transport.ObjectTable::getTarget (26 bytes)
Event: 2209.727 Thread 0x000002b74f04ea50 nmethod 2133 0x000002b734114c90 code [0x000002b734114e60, 0x000002b7341152a8]
Event: 2219.550 Thread 0x000002b74f04ea50 2134       3       java.io.ObjectStreamClass::classNamesEqual (59 bytes)
Event: 2219.571 Thread 0x000002b74f04ea50 nmethod 2134 0x000002b734115490 code [0x000002b734115700, 0x000002b734116188]
Event: 2229.007 Thread 0x000002b74f04dfa0 2135       4       java.io.ObjectInputStream$BlockDataInputStream::read (62 bytes)
Event: 2229.653 Thread 0x000002b74f04dfa0 nmethod 2135 0x000002b73b8a7b90 code [0x000002b73b8a8060, 0x000002b73b8ad708]
Event: 2283.112 Thread 0x000002b74f04ea50 2136       3       sun.rmi.registry.RegistryImpl_Skel::getOperations (10 bytes)
Event: 2283.124 Thread 0x000002b74f04ea50 nmethod 2136 0x000002b734116610 code [0x000002b7341167c0, 0x000002b734116a68]
Event: 2283.124 Thread 0x000002b74f04ea50 2137   !   3       sun.rmi.registry.RegistryImpl_Skel::dispatch (620 bytes)
Event: 2283.162 Thread 0x000002b74f04ea50 nmethod 2137 0x000002b734116b10 code [0x000002b734117420, 0x000002b73411b6d8]
Event: 2283.162 Thread 0x000002b74f04ea50 2138   !   3       sun.rmi.registry.RegistryImpl::lookup (43 bytes)
Event: 2283.164 Thread 0x000002b74f04ea50 nmethod 2138 0x000002b73411e090 code [0x000002b73411e260, 0x000002b73411e738]
Event: 2319.199 Thread 0x000002b74f04ea50 2139       3       com.intellij.execution.rmi.IdeaWatchdogImpl::ping (12 bytes)
Event: 2319.232 Thread 0x000002b74f04ea50 nmethod 2139 0x000002b73411ea10 code [0x000002b73411ebc0, 0x000002b73411ed48]
Event: 2356.935 Thread 0x000002b74f04dfa0 2141   !   4       sun.nio.ch.NioSocketImpl::tryRead (87 bytes)

GC Heap History (2 events):
Event: 1.806 GC heap before
{Heap before GC invocations=0 (full 0):
 garbage-first heap   total 131072K, used 25600K [0x0000000080000000, 0x0000000100000000)
  region size 1024K, 23 young (23552K), 0 survivors (0K)
 Metaspace       used 18498K, committed 18880K, reserved 1114112K
  class space    used 1942K, committed 2112K, reserved 1048576K
}
Event: 1.816 GC heap after
{Heap after GC invocations=1 (full 0):
 garbage-first heap   total 131072K, used 8966K [0x0000000080000000, 0x0000000100000000)
  region size 1024K, 3 young (3072K), 3 survivors (3072K)
 Metaspace       used 18498K, committed 18880K, reserved 1114112K
  class space    used 1942K, committed 2112K, reserved 1048576K
}

Dll operation events (1 events):
Event: 0.016 Loaded shared library C:\Program Files\JetBrains\IntelliJ IDEA 2024.1\jbr\bin\java.dll

Deoptimization events (20 events):
Event: 1585.827 Thread 0x000002b74f6b9900 DEOPT PACKING pc=0x000002b73b8360f0 sp=0x000000b876bfd3d0
Event: 1585.828 Thread 0x000002b74f6b9900 DEOPT UNPACKING pc=0x000002b73b2869a3 sp=0x000000b876bfd308 mode 2
Event: 1585.844 Thread 0x000002b74f6b9900 DEOPT PACKING pc=0x000002b733ef478b sp=0x000000b876bfd690
Event: 1585.844 Thread 0x000002b74f6b9900 DEOPT UNPACKING pc=0x000002b73b287143 sp=0x000000b876bfcb60 mode 0
Event: 1585.848 Thread 0x000002b74f6b9900 Uncommon trap: trap_request=0xffffff45 fr.pc=0x000002b73b83b958 relative=0x00000000000019b8
Event: 1585.848 Thread 0x000002b74f6b9900 Uncommon trap: reason=unstable_if action=reinterpret pc=0x000002b73b83b958 method=com.sun.crypto.provider.PBKDF2KeyImpl.deriveKey(Ljavax/crypto/Mac;[B[BII)[B @ 179 c2
Event: 1585.848 Thread 0x000002b74f6b9900 DEOPT PACKING pc=0x000002b73b83b958 sp=0x000000b876bfd670
Event: 1585.848 Thread 0x000002b74f6b9900 DEOPT UNPACKING pc=0x000002b73b2869a3 sp=0x000000b876bfd660 mode 2
Event: 1585.895 Thread 0x000002b74f6b9900 Uncommon trap: trap_request=0xffffff45 fr.pc=0x000002b73b82d934 relative=0x0000000000000094
Event: 1585.895 Thread 0x000002b74f6b9900 Uncommon trap: reason=unstable_if action=reinterpret pc=0x000002b73b82d934 method=java.lang.CharacterDataLatin1.digit(II)I @ 7 c2
Event: 1585.895 Thread 0x000002b74f6b9900 DEOPT PACKING pc=0x000002b73b82d934 sp=0x000000b876bfd980
Event: 1585.895 Thread 0x000002b74f6b9900 DEOPT UNPACKING pc=0x000002b73b2869a3 sp=0x000000b876bfd900 mode 2
Event: 1606.556 Thread 0x000002b74f6b7fb0 Uncommon trap: trap_request=0xffffff45 fr.pc=0x000002b73b8796f8 relative=0x0000000000000378
Event: 1606.556 Thread 0x000002b74f6b7fb0 Uncommon trap: reason=unstable_if action=reinterpret pc=0x000002b73b8796f8 method=sun.nio.ch.NioSocketImpl.read([BII)I @ 62 c2
Event: 1606.556 Thread 0x000002b74f6b7fb0 DEOPT PACKING pc=0x000002b73b8796f8 sp=0x000000b874eff000
Event: 1606.556 Thread 0x000002b74f6b7fb0 DEOPT UNPACKING pc=0x000002b73b2869a3 sp=0x000000b874efee00 mode 2
Event: 1659.914 Thread 0x000002b7500e6b80 Uncommon trap: trap_request=0xffffff45 fr.pc=0x000002b73b830738 relative=0x0000000000000178
Event: 1659.914 Thread 0x000002b7500e6b80 Uncommon trap: reason=unstable_if action=reinterpret pc=0x000002b73b830738 method=java.util.concurrent.ConcurrentHashMap.addCount(JI)V @ 34 c2
Event: 1659.914 Thread 0x000002b7500e6b80 DEOPT PACKING pc=0x000002b73b830738 sp=0x000000b8787fec20
Event: 1659.914 Thread 0x000002b7500e6b80 DEOPT UNPACKING pc=0x000002b73b2869a3 sp=0x000000b8787feb60 mode 2

Classes unloaded (0 events):
No events

Classes redefined (0 events):
No events

Internal exceptions (20 events):
Event: 0.812 Thread 0x000002b73058d020 Exception <a 'java/lang/NoSuchMethodError'{0x00000000878569e8}: 'java.lang.Object java.lang.invoke.Invokers$Holder.linkToTargetMethod(java.lang.Object, long, java.lang.Object)'> (0x00000000878569e8) 
thrown [s\src\hotspot\share\interpreter\linkResolver.cpp, line 771]
Event: 0.994 Thread 0x000002b74f6bb760 Exception <a 'java/lang/NoSuchMethodError'{0x0000000087623ff0}: static [B.<clinit>()V> (0x0000000087623ff0) 
thrown [s\src\hotspot\share\prims\jni.cpp, line 1122]
Event: 0.994 Thread 0x000002b74f6b9900 Exception <a 'java/lang/NoSuchMethodError'{0x0000000087699248}: static [B.<clinit>()V> (0x0000000087699248) 
thrown [s\src\hotspot\share\prims\jni.cpp, line 1122]
Event: 1.102 Thread 0x000002b74f6b9900 Exception <a 'java/lang/NoSuchMethodError'{0x00000000876c6b18}: static [Ljava/rmi/server/ObjID;.<clinit>()V> (0x00000000876c6b18) 
thrown [s\src\hotspot\share\prims\jni.cpp, line 1122]
Event: 1.108 Thread 0x000002b74f6b9e10 Exception <a 'java/lang/InterruptedException'{0x00000000876ee090}> (0x00000000876ee090) 
thrown [s\src\hotspot\share\runtime\objectMonitor.cpp, line 1658]
Event: 1.109 Thread 0x000002b74f6b9900 Exception <a 'java/lang/NoSuchMethodError'{0x00000000876ce4e8}: 'void java.lang.invoke.DirectMethodHandle$Holder.invokeSpecial(java.lang.Object, java.lang.Object, java.lang.Object)'> (0x00000000876ce4e8) 
thrown [s\src\hotspot\share\interpreter\linkResolver.cpp, line 771]
Event: 1.109 Thread 0x000002b74f6b9900 Exception <a 'java/lang/NoSuchMethodError'{0x00000000876d1a50}: 'void java.lang.invoke.Invokers$Holder.invoke_MT(java.lang.Object, java.lang.Object, java.lang.Object)'> (0x00000000876d1a50) 
thrown [s\src\hotspot\share\interpreter\linkResolver.cpp, line 771]
Event: 1.110 Thread 0x000002b74f6b9e10 Exception <a 'java/lang/NoSuchMethodError'{0x00000000876f6830}: 'java.lang.Object java.lang.invoke.DirectMethodHandle$Holder.newInvokeSpecial(java.lang.Object, java.lang.Object, int, java.lang.Object, long)'> (0x00000000876f6830) 
thrown [s\src\hotspot\share\interpreter\linkResolver.cpp, line 771]
Event: 1.270 Thread 0x000002b74f6b9900 Exception <a 'java/lang/NoSuchMethodError'{0x00000000873c5f70}: 'java.lang.Object java.lang.invoke.DirectMethodHandle$Holder.invokeInterface(java.lang.Object, java.lang.Object)'> (0x00000000873c5f70) 
thrown [s\src\hotspot\share\interpreter\linkResolver.cpp, line 771]
Event: 1.304 Thread 0x000002b74f6b9900 Exception <a 'java/lang/NoSuchMethodError'{0x00000000872675d0}: 'java.lang.Object java.lang.invoke.DirectMethodHandle$Holder.invokeVirtual(java.lang.Object, java.lang.Object, java.lang.Object, java.lang.Object)'> (0x00000000872675d0) 
thrown [s\src\hotspot\share\interpreter\linkResolver.cpp, line 771]
Event: 1.305 Thread 0x000002b74f6b9900 Exception <a 'java/lang/NoSuchMethodError'{0x000000008726fe40}: 'void java.lang.invoke.DirectMethodHandle$Holder.invokeStatic(java.lang.Object, java.lang.Object, java.lang.Object, java.lang.Object)'> (0x000000008726fe40) 
thrown [s\src\hotspot\share\interpreter\linkResolver.cpp, line 771]
Event: 1.323 Thread 0x000002b74f6b9900 Exception <a 'java/lang/NoSuchMethodError'{0x00000000872dac58}: 'int java.lang.invoke.DirectMethodHandle$Holder.invokeStaticInit(java.lang.Object, java.lang.Object, java.lang.Object, java.lang.Object)'> (0x00000000872dac58) 
thrown [s\src\hotspot\share\interpreter\linkResolver.cpp, line 771]
Event: 1.325 Thread 0x000002b74f6b9900 Exception <a 'java/lang/IncompatibleClassChangeError'{0x00000000872e3f08}: Found class java.lang.Object, but interface was expected> (0x00000000872e3f08) 
thrown [s\src\hotspot\share\interpreter\linkResolver.cpp, line 838]
Event: 1.326 Thread 0x000002b74f6b9900 Exception <a 'java/lang/NoSuchMethodError'{0x00000000872e96a8}: 'int java.lang.invoke.DirectMethodHandle$Holder.invokeStaticInit(java.lang.Object, java.lang.Object)'> (0x00000000872e96a8) 
thrown [s\src\hotspot\share\interpreter\linkResolver.cpp, line 771]
Event: 1.553 Thread 0x000002b74f6b9900 Exception <a 'sun/nio/fs/WindowsException'{0x0000000086eea118}> (0x0000000086eea118) 
thrown [s\src\hotspot\share\prims\jni.cpp, line 531]
Event: 1.716 Thread 0x000002b74f6b9900 Exception <a 'java/lang/NoSuchMethodError'{0x0000000086bae900}: 'java.lang.Object java.lang.invoke.DirectMethodHandle$Holder.invokeStaticInit(java.lang.Object, java.lang.Object, java.lang.Object)'> (0x0000000086bae900) 
thrown [s\src\hotspot\share\interpreter\linkResolver.cpp, line 771]
Event: 1.726 Thread 0x000002b74f6b9900 Exception <a 'java/lang/NoSuchMethodError'{0x0000000086a08120}: 'java.lang.Object java.lang.invoke.DirectMethodHandle$Holder.newInvokeSpecial(java.lang.Object, java.lang.Object, int)'> (0x0000000086a08120) 
thrown [s\src\hotspot\share\interpreter\linkResolver.cpp, line 771]
Event: 2.571 Thread 0x000002b74f6b9900 Exception <a 'java/lang/NoSuchMethodError'{0x0000000087c41d28}: static [Ljava/lang/Object;.<clinit>()V> (0x0000000087c41d28) 
thrown [s\src\hotspot\share\prims\jni.cpp, line 1122]
Event: 2.700 Thread 0x000002b74f6b9900 Exception <a 'java/lang/NoSuchMethodError'{0x0000000087cdd118}: static Lcom/intellij/database/remote/jdbc/RemoteResultSet$DataRetrievingOptions;.<clinit>()V> (0x0000000087cdd118) 
thrown [s\src\hotspot\share\prims\jni.cpp, line 1122]
Event: 1585.827 Thread 0x000002b74f6b9900 Implicit null exception at 0x000002b73b835734 to 0x000002b73b8360bc

VM Operations (20 events):
Event: 1613.533 Executing VM operation: Cleanup
Event: 1613.533 Executing VM operation: Cleanup done
Event: 1616.534 Executing VM operation: Cleanup
Event: 1616.534 Executing VM operation: Cleanup done
Event: 1623.306 Executing VM operation: HandshakeAllThreads
Event: 1623.306 Executing VM operation: HandshakeAllThreads done
Event: 1640.314 Executing VM operation: Cleanup
Event: 1640.314 Executing VM operation: Cleanup done
Event: 1660.324 Executing VM operation: Cleanup
Event: 1660.324 Executing VM operation: Cleanup done
Event: 1683.418 Executing VM operation: HandshakeAllThreads
Event: 1683.418 Executing VM operation: HandshakeAllThreads done
Event: 1802.951 Executing VM operation: Cleanup
Event: 1802.951 Executing VM operation: Cleanup done
Event: 1976.814 Executing VM operation: Cleanup
Event: 1976.817 Executing VM operation: Cleanup done
Event: 2004.092 Executing VM operation: Cleanup
Event: 2004.210 Executing VM operation: Cleanup done
Event: 2012.287 Executing VM operation: Cleanup
Event: 2012.287 Executing VM operation: Cleanup done

Events (20 events):
Event: 1659.911 Thread 0x000002b7500e1570 Thread added: 0x000002b7500e1570
Event: 1659.911 Thread 0x000002b74f6bb760 Thread exited: 0x000002b74f6bb760
Event: 1659.911 Thread 0x000002b74f6b93f0 Thread exited: 0x000002b74f6b93f0
Event: 1659.912 Thread 0x000002b74f6bad40 Thread exited: 0x000002b74f6bad40
Event: 1659.912 Thread 0x000002b7500e1570 Thread exited: 0x000002b7500e1570
Event: 1659.912 Thread 0x000002b74f6ba830 Thread exited: 0x000002b74f6ba830
Event: 1659.912 Thread 0x000002b7500e1f90 Thread exited: 0x000002b7500e1f90
Event: 1659.912 Thread 0x000002b7500e6160 Thread exited: 0x000002b7500e6160
Event: 1659.913 Thread 0x000002b7500e2ec0 Thread exited: 0x000002b7500e2ec0
Event: 1659.913 Thread 0x000002b7500e5740 Thread exited: 0x000002b7500e5740
Event: 1659.913 Thread 0x000002b7500e84d0 Thread exited: 0x000002b7500e84d0
Event: 1659.914 Thread 0x000002b7500e4810 Thread exited: 0x000002b7500e4810
Event: 1659.914 Thread 0x000002b7500e5c50 Thread exited: 0x000002b7500e5c50
Event: 1659.914 Thread 0x000002b7500e1060 Thread exited: 0x000002b7500e1060
Event: 1659.914 Thread 0x000002b7500e4300 Thread exited: 0x000002b7500e4300
Event: 1659.914 Thread 0x000002b7500e4d20 Thread exited: 0x000002b7500e4d20
Event: 1659.914 Thread 0x000002b7500e89e0 Thread exited: 0x000002b7500e89e0
Event: 1659.914 Thread 0x000002b7500e75a0 Thread exited: 0x000002b7500e75a0
Event: 1659.915 Thread 0x000002b7500e6b80 Thread exited: 0x000002b7500e6b80
Event: 1666.562 Thread 0x000002b74f6b7fb0 Thread exited: 0x000002b74f6b7fb0


Dynamic libraries:
0x00007ff7478b0000 - 0x00007ff7478ba000 	C:\Program Files\JetBrains\IntelliJ IDEA 2024.1\jbr\bin\java.exe
0x00007ffeb1190000 - 0x00007ffeb13a7000 	C:\WINDOWS\SYSTEM32\ntdll.dll
0x00007ffeb00e0000 - 0x00007ffeb01a4000 	C:\WINDOWS\System32\KERNEL32.DLL
0x00007ffeae7c0000 - 0x00007ffeaeb6d000 	C:\WINDOWS\System32\KERNELBASE.dll
0x00007ffeae4b0000 - 0x00007ffeae5c1000 	C:\WINDOWS\System32\ucrtbase.dll
0x00007ffea29f0000 - 0x00007ffea2a0b000 	C:\Program Files\JetBrains\IntelliJ IDEA 2024.1\jbr\bin\VCRUNTIME140.dll
0x00007ffea31d0000 - 0x00007ffea31e7000 	C:\Program Files\JetBrains\IntelliJ IDEA 2024.1\jbr\bin\jli.dll
0x00007ffeafdd0000 - 0x00007ffeaff7e000 	C:\WINDOWS\System32\USER32.dll
0x00007ffeae670000 - 0x00007ffeae696000 	C:\WINDOWS\System32\win32u.dll
0x00007ffe989a0000 - 0x00007ffe98c33000 	C:\WINDOWS\WinSxS\amd64_microsoft.windows.common-controls_6595b64144ccf1df_6.0.22621.3672_none_2713b9d173822955\COMCTL32.dll
0x00007ffeb1120000 - 0x00007ffeb1149000 	C:\WINDOWS\System32\GDI32.dll
0x00007ffeae6a0000 - 0x00007ffeae7b9000 	C:\WINDOWS\System32\gdi32full.dll
0x00007ffeb1070000 - 0x00007ffeb1117000 	C:\WINDOWS\System32\msvcrt.dll
0x00007ffeaec30000 - 0x00007ffeaecca000 	C:\WINDOWS\System32\msvcp_win.dll
0x00007ffeaef70000 - 0x00007ffeaefa1000 	C:\WINDOWS\System32\IMM32.DLL
0x00007ffea7620000 - 0x00007ffea762c000 	C:\Program Files\JetBrains\IntelliJ IDEA 2024.1\jbr\bin\vcruntime140_1.dll
0x00007ffe8b4f0000 - 0x00007ffe8b57d000 	C:\Program Files\JetBrains\IntelliJ IDEA 2024.1\jbr\bin\msvcp140.dll
0x00007ffe1c190000 - 0x00007ffe1ce12000 	C:\Program Files\JetBrains\IntelliJ IDEA 2024.1\jbr\bin\server\jvm.dll
0x00007ffeb09a0000 - 0x00007ffeb0a52000 	C:\WINDOWS\System32\ADVAPI32.dll
0x00007ffeb0030000 - 0x00007ffeb00d9000 	C:\WINDOWS\System32\sechost.dll
0x00007ffeae5d0000 - 0x00007ffeae5f8000 	C:\WINDOWS\System32\bcrypt.dll
0x00007ffeaefb0000 - 0x00007ffeaf0c4000 	C:\WINDOWS\System32\RPCRT4.dll
0x00007ffe98030000 - 0x00007ffe98039000 	C:\WINDOWS\SYSTEM32\WSOCK32.dll
0x00007ffea9c40000 - 0x00007ffea9c74000 	C:\WINDOWS\SYSTEM32\WINMM.dll
0x00007ffeae370000 - 0x00007ffeae3bd000 	C:\WINDOWS\SYSTEM32\POWRPROF.dll
0x00007ffeaeee0000 - 0x00007ffeaef51000 	C:\WINDOWS\System32\WS2_32.dll
0x00007ffea5940000 - 0x00007ffea594a000 	C:\WINDOWS\SYSTEM32\VERSION.dll
0x00007ffeae350000 - 0x00007ffeae363000 	C:\WINDOWS\SYSTEM32\UMPDC.dll
0x00007ffead4e0000 - 0x00007ffead4f8000 	C:\WINDOWS\SYSTEM32\kernel.appcore.dll
0x00007ffea68b0000 - 0x00007ffea68ba000 	C:\Program Files\JetBrains\IntelliJ IDEA 2024.1\jbr\bin\jimage.dll
0x00007ffeabc20000 - 0x00007ffeabe52000 	C:\WINDOWS\SYSTEM32\DBGHELP.DLL
0x00007ffeb0ac0000 - 0x00007ffeb0e4d000 	C:\WINDOWS\System32\combase.dll
0x00007ffeb08c0000 - 0x00007ffeb0997000 	C:\WINDOWS\System32\OLEAUT32.dll
0x00007ffea66b0000 - 0x00007ffea66e2000 	C:\WINDOWS\SYSTEM32\dbgcore.DLL
0x00007ffeaee40000 - 0x00007ffeaeebb000 	C:\WINDOWS\System32\bcryptPrimitives.dll
0x00007ffea59d0000 - 0x00007ffea59f5000 	C:\Program Files\JetBrains\IntelliJ IDEA 2024.1\jbr\bin\java.dll
0x00007ffea3740000 - 0x00007ffea3758000 	C:\Program Files\JetBrains\IntelliJ IDEA 2024.1\jbr\bin\zip.dll
0x00007ffeaf3a0000 - 0x00007ffeafc07000 	C:\WINDOWS\System32\SHELL32.dll
0x00007ffeac400000 - 0x00007ffeaccfe000 	C:\WINDOWS\SYSTEM32\windows.storage.dll
0x00007ffeac2c0000 - 0x00007ffeac3ff000 	C:\WINDOWS\SYSTEM32\wintypes.dll
0x00007ffeb0630000 - 0x00007ffeb0729000 	C:\WINDOWS\System32\SHCORE.dll
0x00007ffeafd70000 - 0x00007ffeafdce000 	C:\WINDOWS\System32\shlwapi.dll
0x00007ffeae3e0000 - 0x00007ffeae401000 	C:\WINDOWS\SYSTEM32\profapi.dll
0x00007ffea39d0000 - 0x00007ffea39e9000 	C:\Program Files\JetBrains\IntelliJ IDEA 2024.1\jbr\bin\net.dll
0x00007ffeaa420000 - 0x00007ffeaa556000 	C:\WINDOWS\SYSTEM32\WINHTTP.dll
0x00007ffead950000 - 0x00007ffead9b9000 	C:\WINDOWS\system32\mswsock.dll
0x00007ffea39b0000 - 0x00007ffea39c6000 	C:\Program Files\JetBrains\IntelliJ IDEA 2024.1\jbr\bin\nio.dll
0x00007ffeacf60000 - 0x00007ffeacf8d000 	C:\WINDOWS\SYSTEM32\IPHLPAPI.DLL
0x00007ffeaf0d0000 - 0x00007ffeaf0d9000 	C:\WINDOWS\System32\NSI.dll
0x00007ffeaa3c0000 - 0x00007ffeaa3d9000 	C:\WINDOWS\SYSTEM32\dhcpcsvc6.DLL
0x00007ffeaa3a0000 - 0x00007ffeaa3bf000 	C:\WINDOWS\SYSTEM32\dhcpcsvc.DLL
0x00007ffeacfd0000 - 0x00007ffead0c8000 	C:\WINDOWS\SYSTEM32\DNSAPI.dll
0x00007ffeadbb0000 - 0x00007ffeadbcb000 	C:\WINDOWS\SYSTEM32\CRYPTSP.dll
0x00007ffead440000 - 0x00007ffead475000 	C:\WINDOWS\system32\rsaenh.dll
0x00007ffeada50000 - 0x00007ffeada78000 	C:\WINDOWS\SYSTEM32\USERENV.dll
0x00007ffeadbd0000 - 0x00007ffeadbdc000 	C:\WINDOWS\SYSTEM32\CRYPTBASE.dll
0x00007ffea3720000 - 0x00007ffea3729000 	C:\Program Files\JetBrains\IntelliJ IDEA 2024.1\jbr\bin\extnet.dll
0x00007ffea2ed0000 - 0x00007ffea2ed7000 	C:\Program Files\JetBrains\IntelliJ IDEA 2024.1\jbr\bin\rmi.dll
0x00007ffea42f0000 - 0x00007ffea42fa000 	C:\Windows\System32\rasadhlp.dll
0x00007ffea9780000 - 0x00007ffea9803000 	C:\WINDOWS\System32\fwpuclnt.dll
0x00007ffea3710000 - 0x00007ffea3719000 	C:\Program Files\JetBrains\IntelliJ IDEA 2024.1\jbr\bin\management.dll
0x00007ffea3290000 - 0x00007ffea329b000 	C:\Program Files\JetBrains\IntelliJ IDEA 2024.1\jbr\bin\management_ext.dll
0x00007ffeb0730000 - 0x00007ffeb0738000 	C:\WINDOWS\System32\PSAPI.DLL
0x00007ffea39a0000 - 0x00007ffea39ae000 	C:\Program Files\JetBrains\IntelliJ IDEA 2024.1\jbr\bin\sunmscapi.dll
0x00007ffeaecd0000 - 0x00007ffeaee37000 	C:\WINDOWS\System32\CRYPT32.dll
0x00007ffeadd70000 - 0x00007ffeadd9e000 	C:\WINDOWS\SYSTEM32\ncrypt.dll
0x00007ffeadd30000 - 0x00007ffeadd67000 	C:\WINDOWS\SYSTEM32\NTASN1.dll

dbghelp: loaded successfully - version: 4.0.5 - missing functions: none
symbol engine: initialized successfully - sym options: 0x614 - pdb path: .;C:\Program Files\JetBrains\IntelliJ IDEA 2024.1\jbr\bin;C:\WINDOWS\SYSTEM32;C:\WINDOWS\WinSxS\amd64_microsoft.windows.common-controls_6595b64144ccf1df_6.0.22621.3672_none_2713b9d173822955;C:\Program Files\JetBrains\IntelliJ IDEA 2024.1\jbr\bin\server

VM Arguments:
jvm_args: -Djava.rmi.server.hostname=127.0.0.1 -Duser.timezone=UTC -Xmx2048m -Xms128m -Djdbc.classpath=C:\Program Files\JetBrains\IntelliJ IDEA 2024.1\plugins\DatabaseTools\lib\jdbc-console.jar;C:\Users\rites\AppData\Roaming\JetBrains\IntelliJIdea2024.1\jdbc-drivers\PostgreSQL\42.6.0\org\postgresql\postgresql\42.6.0\postgresql-42.6.0.jar;C:\Users\rites\AppData\Roaming\JetBrains\IntelliJIdea2024.1\jdbc-drivers\PostgreSQL\42.6.0\org\checkerframework\checker-qual\3.31.0\checker-qual-3.31.0.jar;C:\Users\rites\AppData\Roaming\JetBrains\IntelliJIdea2024.1\jdbc-drivers\PostgreSQL\42.6.0\com\github\waffle\waffle-jna\1.9.1\waffle-jna-1.9.1.jar;C:\Users\rites\AppData\Roaming\JetBrains\IntelliJIdea2024.1\jdbc-drivers\PostgreSQL\42.6.0\net\java\dev\jna\jna\4.5.1\jna-4.5.1.jar;C:\Users\rites\AppData\Roaming\JetBrains\IntelliJIdea2024.1\jdbc-drivers\PostgreSQL\42.6.0\net\java\dev\jna\jna-platform\4.5.1\jna-platform-4.5.1.jar;C:\Users\rites\AppData\Roaming\JetBrains\IntelliJIdea2024.1\jdbc-drivers\PostgreSQL\42.6.0\org\slf4j\jcl-over-slf4j\1.7.25\jcl-over-slf4j-1.7.25.jar;C:\Users\rites\AppData\Roaming\JetBrains\IntelliJIdea2024.1\jdbc-drivers\PostgreSQL\42.6.0\org\slf4j\slf4j-api\1.7.25\slf4j-api-1.7.25.jar;C:\Users\rites\AppData\Roaming\JetBrains\IntelliJIdea2024.1\jdbc-drivers\PostgreSQL\42.6.0\com\github\ben-manes\caffeine\caffeine\2.6.2\caffeine-2.6.2.jar --add-exports=java.desktop/sun.awt=ALL-UNNAMED --add-exports=java.desktop/java.awt.peer=ALL-UNNAMED --add-opens=java.desktop/java.awt=ALL-UNNAMED --add-opens=jdk.unsupported/sun.misc=ALL-UNNAMED --add-opens=java.base/java.nio=ALL-UNNAMED --add-opens=java.base/java.util=ALL-UNNAMED -Dfile.encoding=UTF-8 
java_command: com.intellij.database.remote.RemoteJdbcServer org.postgresql.Driver
java_class_path (initial): C:\Program Files\JetBrains\IntelliJ IDEA 2024.1\lib\util_rt.jar;C:\Program Files\JetBrains\IntelliJ IDEA 2024.1\lib\util-8.jar;C:\Program Files\JetBrains\IntelliJ IDEA 2024.1\lib\groovy.jar;C:\Program Files\JetBrains\IntelliJ IDEA 2024.1\plugins\DatabaseTools\lib\jdbc-console.jar;C:\Program Files\JetBrains\IntelliJ IDEA 2024.1\plugins\grid-core-impl\lib\jdbc-console-types.jar;C:\Program Files\JetBrains\IntelliJ IDEA 2024.1\lib\util.jar
Launcher Type: SUN_STANDARD

[Global flags]
     intx CICompilerCount                          = 4                                         {product} {ergonomic}
     uint ConcGCThreads                            = 3                                         {product} {ergonomic}
     uint G1ConcRefinementThreads                  = 10                                        {product} {ergonomic}
   size_t G1HeapRegionSize                         = 1048576                                   {product} {ergonomic}
    uintx GCDrainStackTargetSize                   = 64                                        {product} {ergonomic}
   size_t InitialHeapSize                          = 134217728                                 {product} {command line}
   size_t MarkStackSize                            = 4194304                                   {product} {ergonomic}
   size_t MaxHeapSize                              = 2147483648                                {product} {command line}
   size_t MaxNewSize                               = 1287651328                                {product} {ergonomic}
   size_t MinHeapDeltaBytes                        = 1048576                                   {product} {ergonomic}
   size_t MinHeapSize                              = 134217728                                 {product} {command line}
    uintx NonNMethodCodeHeapSize                   = 5839372                                {pd product} {ergonomic}
    uintx NonProfiledCodeHeapSize                  = 122909434                              {pd product} {ergonomic}
    uintx ProfiledCodeHeapSize                     = 122909434                              {pd product} {ergonomic}
    uintx ReservedCodeCacheSize                    = 251658240                              {pd product} {ergonomic}
     bool SegmentedCodeCache                       = true                                      {product} {ergonomic}
   size_t SoftMaxHeapSize                          = 2147483648                             {manageable} {ergonomic}
     bool UseCompressedClassPointers               = true                           {product lp64_product} {ergonomic}
     bool UseCompressedOops                        = true                           {product lp64_product} {ergonomic}
     bool UseG1GC                                  = true                                      {product} {ergonomic}
     bool UseLargePagesIndividualAllocation        = false                                  {pd product} {ergonomic}

Logging:
Log output configuration:
 #0: stdout all=warning uptime,level,tags
 #1: stderr all=off uptime,level,tags

Environment Variables:
PATH=C:\Program Files\Common Files\Oracle\Java\javapath;C:\WINDOWS\system32;C:\WINDOWS;C:\WINDOWS\System32\Wbem;C:\WINDOWS\System32\WindowsPowerShell\v1.0\;C:\WINDOWS\System32\OpenSSH\;C:\MinGW\bin;C:\Program Files\Java\jdk-17\bin;C:\Program Files\PostgreSQL\16\bin;C:\Program Files\nodejs\;C:\Users\rites\AppData\Local\Programs\Python\Python311\Scripts\;C:\Users\rites\AppData\Local\Programs\Python\Python311\;C:\Users\rites\AppData\Local\Programs\Python\Python38\Scripts\;C:\Users\rites\AppData\Local\Programs\Python\Python38\;C:\Users\rites\AppData\Local\Microsoft\WindowsApps;C:\Users\rites\AppData\Local\Programs\Microsoft VS Code\bin;C:\Users\rites\AppData\Local\Programs\Git\cmd;C:\Users\rites\AppData\Roaming\npm
USERNAME=rites
OS=Windows_NT
PROCESSOR_IDENTIFIER=AMD64 Family 23 Model 104 Stepping 1, AuthenticAMD
TMP=C:\Users\rites\AppData\Local\Temp
TEMP=C:\Users\rites\AppData\Local\Temp



Periodic native trim disabled

JNI global refs:
JNI global refs: 17, weak refs: 0

JNI global refs memory usage: 843, weak refs: 841

OOME stack traces (most recent first):
Classloader memory used:
Loader bootstrap                                                                       : 1959K
Loader jdk.internal.loader.ClassLoaders$AppClassLoader                                 : 216K
Loader com.intellij.database.remote.jdbc.impl.JdbcClassLoader$JdbcClassLoaderImpl      : 214K
Loader jdk.internal.loader.ClassLoaders$PlatformClassLoader                            : 50656B
Loader jdk.internal.reflect.DelegatingClassLoader                                      : 23381B


---------------  S Y S T E M  ---------------

OS:
 Windows 11 , 64 bit Build 22621 (10.0.22621.3958)
OS uptime: 0 days 21:16 hours

CPU: total 12 (initial active 12) (12 cores per cpu, 2 threads per core) family 23 model 104 stepping 1 microcode 0x0, cx8, cmov, fxsr, ht, mmx, 3dnowpref, sse, sse2, sse3, ssse3, sse4a, sse4.1, sse4.2, popcnt, lzcnt, tsc, tscinvbit, avx, avx2, aes, clmul, bmi1, bmi2, adx, sha, fma, vzeroupper, clflush, clflushopt
Processor Information for processor 0
  Max Mhz: 2100, Current Mhz: 2100, Mhz Limit: 2100
Processor Information for processor 1
  Max Mhz: 2100, Current Mhz: 1813, Mhz Limit: 2100
Processor Information for processor 2
  Max Mhz: 2100, Current Mhz: 1813, Mhz Limit: 2100
Processor Information for processor 3
  Max Mhz: 2100, Current Mhz: 1813, Mhz Limit: 2100
Processor Information for processor 4
  Max Mhz: 2100, Current Mhz: 1813, Mhz Limit: 2100
Processor Information for processor 5
  Max Mhz: 2100, Current Mhz: 1813, Mhz Limit: 2100
Processor Information for processor 6
  Max Mhz: 2100, Current Mhz: 1813, Mhz Limit: 2100
Processor Information for processor 7
  Max Mhz: 2100, Current Mhz: 1813, Mhz Limit: 2100
Processor Information for processor 8
  Max Mhz: 2100, Current Mhz: 1813, Mhz Limit: 2100
Processor Information for processor 9
  Max Mhz: 2100, Current Mhz: 1813, Mhz Limit: 2100
Processor Information for processor 10
  Max Mhz: 2100, Current Mhz: 1813, Mhz Limit: 2100
Processor Information for processor 11
  Max Mhz: 2100, Current Mhz: 1813, Mhz Limit: 2100

Memory: 4k page, system-wide physical 6005M (792M free)
TotalPageFile size 24437M (AvailPageFile size 0M)
current process WorkingSet (physical memory assigned to process): 19M, peak: 110M
current process commit charge ("private bytes"): 233M, peak: 263M

vm_info: OpenJDK 64-Bit Server VM (17.0.10+8-b1207.12) for windows-amd64 JRE (17.0.10+8-b1207.12), built on 2024-03-15 by "builduser" with MS VC++ 16.10 / 16.11 (VS2019)

END.
